<?xml version="1.0" encoding="UTF-8"?>
<!-- Generated by org.testng.reporters.JUnitReportReporter -->
<testsuite hostname="AGRN50903819A" name="tests.LaunchBrowser" tests="1" failures="0" timestamp="2 Aug 2016 05:00:08 GMT" time="10.510" errors="0">
  <testcase name="executeTest" time="10.510" classname="tests.LaunchBrowser"/>
</testsuite> <!-- tests.LaunchBrowser -->
